[13:42:25] [Client thread/INFO]: Setting user: Player162
[13:42:25] [Client thread/INFO]: (Session ID is token:0:Player162)
[13:42:26] [Client thread/INFO]: [OptiFine] *** Reflector Forge ***
[13:42:26] [Client thread/INFO]: [OptiFine] (Reflector) Class not present: mods.betterfoliage.client.BetterFoliageClient
[13:42:26] [Client thread/INFO]: [OptiFine] (Reflector) Class not present: net.minecraftforge.fml.common.asm.transformers.BlamingTransformer
[13:42:26] [Client thread/INFO]: [OptiFine] (Reflector) Class not present: net.minecraftforge.event.world.ChunkWatchEvent$UnWatch
[13:42:26] [Client thread/INFO]: [OptiFine] (Reflector) Class not present: net.minecraftforge.fml.relauncher.CoreModManager
[13:42:26] [Client thread/INFO]: [OptiFine] (Reflector) Class not present: net.minecraftforge.common.DimensionManager
[13:42:26] [Client thread/INFO]: [OptiFine] (Reflector) Class not present: net.minecraftforge.client.event.GuiScreenEvent$DrawScreenEvent$Pre
[13:42:26] [Client thread/INFO]: [OptiFine] (Reflector) Class not present: net.minecraftforge.client.event.GuiScreenEvent$DrawScreenEvent$Post
[13:42:26] [Client thread/INFO]: [OptiFine] (Reflector) Class not present: net.minecraftforge.client.event.EntityViewRenderEvent$CameraSetup
[13:42:26] [Client thread/INFO]: [OptiFine] (Reflector) Class not present: net.minecraftforge.client.event.EntityViewRenderEvent$FogColors
[13:42:26] [Client thread/INFO]: [OptiFine] (Reflector) Class not present: net.minecraftforge.fml.common.eventhandler.Event
[13:42:26] [Client thread/INFO]: [OptiFine] (Reflector) Class not present: net.minecraftforge.fml.common.eventhandler.EventBus
[13:42:26] [Client thread/INFO]: [OptiFine] (Reflector) Class not present: net.minecraftforge.fml.common.eventhandler.Event$Result
[13:42:26] [Client thread/INFO]: [OptiFine] (Reflector) Class not present: net.minecraftforge.common.property.ExtendedBlockState
[13:42:26] [Client thread/INFO]: [OptiFine] (Reflector) Class not present: net.minecraftforge.fml.client.FMLClientHandler
[13:42:26] [Client thread/INFO]: [OptiFine] (Reflector) Class not present: net.minecraftforge.fml.common.FMLCommonHandler
[13:42:26] [Client thread/INFO]: [OptiFine] (Reflector) Method not present: net.minecraft.world.biome.BiomeGenBase.getWaterColorMultiplier
[13:42:26] [Client thread/INFO]: [OptiFine] (Reflector) Method not present: net.minecraft.block.Block.addDestroyEffects
[13:42:26] [Client thread/INFO]: [OptiFine] (Reflector) Method not present: net.minecraft.block.Block.addHitEffects
[13:42:26] [Client thread/INFO]: [OptiFine] (Reflector) Method not present: net.minecraft.block.Block.canCreatureSpawn
[13:42:26] [Client thread/INFO]: [OptiFine] (Reflector) Method not present: net.minecraft.block.Block.canRenderInLayer
[13:42:26] [Client thread/INFO]: [OptiFine] (Reflector) Method not present: net.minecraft.block.Block.doesSideBlockRendering
[13:42:26] [Client thread/INFO]: [OptiFine] (Reflector) Method not present: net.minecraft.block.Block.getBedDirection
[13:42:26] [Client thread/INFO]: [OptiFine] (Reflector) Method not present: net.minecraft.block.Block.getExtendedState
[13:42:26] [Client thread/INFO]: [OptiFine] (Reflector) Method not present: net.minecraft.block.Block.getLightOpacity
[13:42:26] [Client thread/INFO]: [OptiFine] (Reflector) Method not present: net.minecraft.block.Block.getLightValue
[13:42:26] [Client thread/INFO]: [OptiFine] (Reflector) Method not present: net.minecraft.block.Block.hasTileEntity
[13:42:26] [Client thread/INFO]: [OptiFine] (Reflector) Method not present: net.minecraft.block.Block.isAir
[13:42:26] [Client thread/INFO]: [OptiFine] (Reflector) Method not present: net.minecraft.block.Block.isBed
[13:42:26] [Client thread/INFO]: [OptiFine] (Reflector) Method not present: net.minecraft.block.Block.isBedFoot
[13:42:26] [Client thread/INFO]: [OptiFine] (Reflector) Method not present: net.minecraft.block.Block.isSideSolid
[13:42:26] [Client thread/INFO]: [OptiFine] (Reflector) Method not present: net.minecraft.world.ChunkCache.isSideSolid
[13:42:26] [Client thread/INFO]: [OptiFine] (Reflector) Method not present: net.minecraft.entity.Entity.canRiderInteract
[13:42:26] [Client thread/INFO]: [OptiFine] (Reflector) Field not present: net.minecraft.entity.Entity.captureDrops
[13:42:26] [Client thread/INFO]: [OptiFine] (Reflector) Field not present: net.minecraft.entity.Entity.capturedDrops
[13:42:26] [Client thread/INFO]: [OptiFine] (Reflector) Method not present: net.minecraft.entity.Entity.shouldRenderInPass
[13:42:26] [Client thread/INFO]: [OptiFine] (Reflector) Method not present: net.minecraft.entity.Entity.shouldRiderSit
[13:42:26] [Client thread/INFO]: [OptiFine] (Reflector) Class not present: net.minecraftforge.event.ForgeEventFactory
[13:42:26] [Client thread/INFO]: [OptiFine] (Reflector) Class not present: net.minecraftforge.common.ForgeHooks
[13:42:26] [Client thread/INFO]: [OptiFine] (Reflector) Class not present: net.minecraftforge.client.ForgeHooksClient
[13:42:26] [Client thread/INFO]: [OptiFine] (Reflector) Field not present: net.minecraft.item.Item.delegate
[13:42:26] [Client thread/INFO]: [OptiFine] (Reflector) Method not present: net.minecraft.item.Item.getDurabilityForDisplay
[13:42:26] [Client thread/INFO]: [OptiFine] (Reflector) Method not present: net.minecraft.item.Item.getModel
[13:42:26] [Client thread/INFO]: [OptiFine] (Reflector) Method not present: net.minecraft.item.Item.onEntitySwing
[13:42:26] [Client thread/INFO]: [OptiFine] (Reflector) Method not present: net.minecraft.item.Item.shouldCauseReequipAnimation
[13:42:26] [Client thread/INFO]: [OptiFine] (Reflector) Method not present: net.minecraft.item.Item.showDurabilityBar
[13:42:26] [Client thread/INFO]: [OptiFine] (Reflector) Class not present: net.minecraftforge.common.ForgeModContainer
[13:42:26] [Client thread/INFO]: [OptiFine] (Reflector) Method not present: net.minecraft.potion.PotionEffect.isCurativeItem
[13:42:26] [Client thread/INFO]: [OptiFine] (Reflector) Method not present: net.minecraft.tileentity.TileEntity.canRenderBreaking
[13:42:26] [Client thread/INFO]: [OptiFine] (Reflector) Method not present: net.minecraft.tileentity.TileEntity.getRenderBoundingBox
[13:42:26] [Client thread/INFO]: [OptiFine] (Reflector) Method not present: net.minecraft.tileentity.TileEntity.hasFastRenderer
[13:42:26] [Client thread/INFO]: [OptiFine] (Reflector) Method not present: net.minecraft.tileentity.TileEntity.shouldRenderInPass
[13:42:26] [Client thread/INFO]: [OptiFine] (Reflector) Method not present: net.minecraft.client.renderer.vertex.VertexFormatElement$EnumUsage.preDraw
[13:42:26] [Client thread/INFO]: [OptiFine] (Reflector) Method not present: net.minecraft.client.renderer.vertex.VertexFormatElement$EnumUsage.postDraw
[13:42:26] [Client thread/INFO]: [OptiFine] (Reflector) Method not present: net.minecraft.world.World.countEntities
[13:42:26] [Client thread/INFO]: [OptiFine] (Reflector) Method not present: net.minecraft.world.World.getPerWorldStorage
[13:42:26] [Client thread/INFO]: [OptiFine] (Reflector) Method not present: net.minecraft.world.WorldProvider.getCloudRenderer
[13:42:26] [Client thread/INFO]: [OptiFine] (Reflector) Method not present: net.minecraft.world.WorldProvider.getSkyRenderer
[13:42:26] [Client thread/INFO]: [OptiFine] (Reflector) Method not present: net.minecraft.world.WorldProvider.getWeatherRenderer
[13:42:26] [Client thread/INFO]: [OptiFine] (Reflector) Method not present: net.minecraft.world.WorldProvider.getSaveFolder
[13:42:26] [Client thread/INFO]: [OptiFine] (Reflector) Class not present: net.minecraftforge.fml.client.GuiModList
[13:42:26] [Client thread/INFO]: [OptiFine] (Reflector) Class not present: net.minecraftforge.client.model.IColoredBakedQuad
[13:42:26] [Client thread/INFO]: [OptiFine] (Reflector) Class not present: net.minecraftforge.common.property.IExtendedBlockState
[13:42:26] [Client thread/INFO]: [OptiFine] (Reflector) Class not present: net.minecraftforge.client.model.IModel
[13:42:26] [Client thread/INFO]: [OptiFine] (Reflector) Class not present: net.minecraftforge.client.IRenderHandler
[13:42:26] [Client thread/INFO]: [OptiFine] (Reflector) Class not present: net.minecraftforge.client.ItemModelMesherForge
[13:42:26] [Client thread/INFO]: [OptiFine] (Reflector) Class not present: net.minecraftforge.client.model.pipeline.LightUtil
[13:42:26] [Client thread/INFO]: [OptiFine] (Reflector) Class not present: net.minecraftforge.fml.common.Loader
[13:42:26] [Client thread/INFO]: [OptiFine] (Reflector) Class not present: net.minecraftforge.common.MinecraftForge
[13:42:26] [Client thread/INFO]: [OptiFine] (Reflector) Class not present: net.minecraftforge.client.MinecraftForgeClient
[13:42:26] [Client thread/INFO]: [OptiFine] (Reflector) Class not present: net.minecraftforge.fml.common.ModContainer
[13:42:26] [Client thread/INFO]: [OptiFine] (Reflector) Class not present: net.minecraftforge.client.model.ModelLoader
[13:42:26] [Client thread/INFO]: [OptiFine] (Reflector) Class not present: net.minecraftforge.client.event.RenderBlockOverlayEvent$OverlayType
[13:42:26] [Client thread/INFO]: [OptiFine] (Reflector) Class not present: net.minecraftforge.fml.client.registry.RenderingRegistry
[13:42:26] [Client thread/INFO]: [OptiFine] (Reflector) Class not present: net.minecraftforge.client.event.RenderItemInFrameEvent
[13:42:26] [Client thread/INFO]: [OptiFine] (Reflector) Class not present: net.minecraftforge.client.event.RenderLivingEvent$Pre
[13:42:26] [Client thread/INFO]: [OptiFine] (Reflector) Class not present: net.minecraftforge.client.event.RenderLivingEvent$Post
[13:42:26] [Client thread/INFO]: [OptiFine] (Reflector) Class not present: net.minecraftforge.client.event.RenderLivingEvent$Specials$Pre
[13:42:26] [Client thread/INFO]: [OptiFine] (Reflector) Class not present: net.minecraftforge.client.event.RenderLivingEvent$Specials$Post
[13:42:26] [Client thread/INFO]: [OptiFine] (Reflector) Class not present: net.minecraftforge.fml.client.SplashProgress
[13:42:26] [Client thread/INFO]: [OptiFine] (Reflector) Class not present: net.minecraftforge.event.world.WorldEvent$Load
[13:42:26] [Client thread/INFO]: [OptiFine] *** Reflector Vanilla ***
[13:42:26] [Client thread/INFO]: [OptiFine] (Reflector) Class not present: optifine.OptiFineClassTransformer
[13:42:26] [Client thread/INFO]: LWJGL Version: 2.9.4
[13:42:27] [Client thread/INFO]: [OptiFine] 
[13:42:27] [Client thread/INFO]: [OptiFine] OptiFine_1.8.9_HD_U_L5
[13:42:27] [Client thread/INFO]: [OptiFine] Build: null
[13:42:27] [Client thread/INFO]: [OptiFine] OS: Windows 10 (amd64) version 10.0
[13:42:27] [Client thread/INFO]: [OptiFine] Java: 1.8.0_131, Oracle Corporation
[13:42:27] [Client thread/INFO]: [OptiFine] VM: Java HotSpot(TM) 64-Bit Server VM (mixed mode), Oracle Corporation
[13:42:27] [Client thread/INFO]: [OptiFine] LWJGL: 2.9.4
[13:42:27] [Client thread/INFO]: [OptiFine] OpenGL: Intel(R) UHD Graphics 620, version 4.5.0 - Build 23.20.16.4958, Intel
[13:42:27] [Client thread/INFO]: [OptiFine] OpenGL Version: 4.5.0
[13:42:27] [Client thread/INFO]: [OptiFine] OpenGL Fancy fog: Not available (GL_NV_fog_distance)
[13:42:27] [Client thread/INFO]: [OptiFine] Maximum texture size: 8192x8192
[13:42:27] [VersionCheck/INFO]: [OptiFine] Checking for new version
[13:42:27] [Client thread/INFO]: [Shaders] OpenGL Version: 4.5.0 - Build 23.20.16.4958
[13:42:27] [Client thread/INFO]: [Shaders] Vendor:  Intel
[13:42:27] [Client thread/INFO]: [Shaders] Renderer: Intel(R) UHD Graphics 620
[13:42:27] [Client thread/INFO]: [Shaders] Capabilities:  2.0  2.1  3.0  3.2  4.0 
[13:42:27] [Client thread/INFO]: [Shaders] GL_MAX_DRAW_BUFFERS: 8
[13:42:27] [Client thread/INFO]: [Shaders] GL_MAX_COLOR_ATTACHMENTS_EXT: 8
[13:42:27] [Client thread/INFO]: [Shaders] GL_MAX_TEXTURE_IMAGE_UNITS: 32
[13:42:27] [Client thread/INFO]: [Shaders] Load shaders configuration.
[13:42:27] [Client thread/INFO]: [Shaders] Save shaders configuration.
[13:42:27] [Client thread/INFO]: [Shaders] No shaderpack loaded.
[13:42:27] [Client thread/INFO]: Reloading ResourceManager: Default
[13:42:27] [Client thread/INFO]: [OptiFine] *** Reloading textures ***
[13:42:27] [Client thread/INFO]: [OptiFine] Resource packs: Default
[13:42:27] [Client thread/ERROR]: Couldn't initialize twitch stream
[13:42:27] [Sound Library Loader/INFO]: Starting up SoundSystem...
[13:42:28] [VersionCheck/INFO]: [OptiFine] Version found: M5
[13:42:28] [Thread-21/INFO]: Initializing LWJGL OpenAL
[13:42:28] [Thread-21/INFO]: (The LWJGL binding of OpenAL.  For more information, see http://www.lwjgl.org)
[13:42:28] [Thread-21/INFO]: OpenAL initialized.
[13:42:28] [Sound Library Loader/INFO]: Sound engine started
[13:42:28] [Client thread/INFO]: [OptiFine] (Reflector) Class not present: net.minecraftforge.client.model.Attributes
[13:42:33] [Client thread/INFO]: [OptiFine] Mipmap levels: 4
[13:42:33] [Client thread/INFO]: [OptiFine] Multitexture: false
[13:42:33] [Client thread/INFO]: [OptiFine] ConnectedTextures: mcpatcher/ctm/default/0_glass_white/glass_pane_white.properties
[13:42:33] [Client thread/INFO]: [OptiFine] ConnectedTextures: mcpatcher/ctm/default/0_glass_white/glass_white.properties
[13:42:33] [Client thread/INFO]: [OptiFine] ConnectedTextures: mcpatcher/ctm/default/10_glass_purple/glass_pane_purple.properties
[13:42:33] [Client thread/INFO]: [OptiFine] ConnectedTextures: mcpatcher/ctm/default/10_glass_purple/glass_purple.properties
[13:42:33] [Client thread/INFO]: [OptiFine] ConnectedTextures: mcpatcher/ctm/default/11_glass_blue/glass_blue.properties
[13:42:33] [Client thread/INFO]: [OptiFine] ConnectedTextures: mcpatcher/ctm/default/11_glass_blue/glass_pane_blue.properties
[13:42:33] [Client thread/INFO]: [OptiFine] ConnectedTextures: mcpatcher/ctm/default/12_glass_brown/glass_brown.properties
[13:42:33] [Client thread/INFO]: [OptiFine] ConnectedTextures: mcpatcher/ctm/default/12_glass_brown/glass_pane_brown.properties
[13:42:33] [Client thread/INFO]: [OptiFine] ConnectedTextures: mcpatcher/ctm/default/13_glass_green/glass_green.properties
[13:42:33] [Client thread/INFO]: [OptiFine] ConnectedTextures: mcpatcher/ctm/default/13_glass_green/glass_pane_green.properties
[13:42:33] [Client thread/INFO]: [OptiFine] ConnectedTextures: mcpatcher/ctm/default/14_glass_red/glass_pane_red.properties
[13:42:33] [Client thread/INFO]: [OptiFine] ConnectedTextures: mcpatcher/ctm/default/14_glass_red/glass_red.properties
[13:42:33] [Client thread/INFO]: [OptiFine] ConnectedTextures: mcpatcher/ctm/default/15_glass_black/glass_black.properties
[13:42:33] [Client thread/INFO]: [OptiFine] ConnectedTextures: mcpatcher/ctm/default/15_glass_black/glass_pane_black.properties
[13:42:33] [Client thread/INFO]: [OptiFine] ConnectedTextures: mcpatcher/ctm/default/1_glass_orange/glass_orange.properties
[13:42:33] [Client thread/INFO]: [OptiFine] ConnectedTextures: mcpatcher/ctm/default/1_glass_orange/glass_pane_orange.properties
[13:42:33] [Client thread/INFO]: [OptiFine] ConnectedTextures: mcpatcher/ctm/default/2_glass_magenta/glass_magenta.properties
[13:42:33] [Client thread/INFO]: [OptiFine] ConnectedTextures: mcpatcher/ctm/default/2_glass_magenta/glass_pane_magenta.properties
[13:42:33] [Client thread/INFO]: [OptiFine] ConnectedTextures: mcpatcher/ctm/default/3_glass_light_blue/glass_light_blue.properties
[13:42:33] [Client thread/INFO]: [OptiFine] ConnectedTextures: mcpatcher/ctm/default/3_glass_light_blue/glass_pane_light_blue.properties
[13:42:33] [Client thread/INFO]: [OptiFine] ConnectedTextures: mcpatcher/ctm/default/4_glass_yellow/glass_pane_yellow.properties
[13:42:33] [Client thread/INFO]: [OptiFine] ConnectedTextures: mcpatcher/ctm/default/4_glass_yellow/glass_yellow.properties
[13:42:33] [Client thread/INFO]: [OptiFine] ConnectedTextures: mcpatcher/ctm/default/5_glass_lime/glass_lime.properties
[13:42:33] [Client thread/INFO]: [OptiFine] ConnectedTextures: mcpatcher/ctm/default/5_glass_lime/glass_pane_lime.properties
[13:42:33] [Client thread/INFO]: [OptiFine] ConnectedTextures: mcpatcher/ctm/default/6_glass_pink/glass_pane_pink.properties
[13:42:33] [Client thread/INFO]: [OptiFine] ConnectedTextures: mcpatcher/ctm/default/6_glass_pink/glass_pink.properties
[13:42:33] [Client thread/INFO]: [OptiFine] ConnectedTextures: mcpatcher/ctm/default/7_glass_gray/glass_gray.properties
[13:42:33] [Client thread/INFO]: [OptiFine] ConnectedTextures: mcpatcher/ctm/default/7_glass_gray/glass_pane_gray.properties
[13:42:33] [Client thread/INFO]: [OptiFine] ConnectedTextures: mcpatcher/ctm/default/8_glass_silver/glass_pane_silver.properties
[13:42:33] [Client thread/INFO]: [OptiFine] ConnectedTextures: mcpatcher/ctm/default/8_glass_silver/glass_silver.properties
[13:42:33] [Client thread/INFO]: [OptiFine] ConnectedTextures: mcpatcher/ctm/default/9_glass_cyan/glass_cyan.properties
[13:42:33] [Client thread/INFO]: [OptiFine] ConnectedTextures: mcpatcher/ctm/default/9_glass_cyan/glass_pane_cyan.properties
[13:42:33] [Client thread/INFO]: [OptiFine] ConnectedTextures: mcpatcher/ctm/default/bookshelf.properties
[13:42:33] [Client thread/INFO]: [OptiFine] ConnectedTextures: mcpatcher/ctm/default/glass.properties
[13:42:33] [Client thread/INFO]: [OptiFine] ConnectedTextures: mcpatcher/ctm/default/glasspane.properties
[13:42:33] [Client thread/INFO]: [OptiFine] ConnectedTextures: mcpatcher/ctm/default/sandstone.properties
[13:42:33] [Client thread/INFO]: [OptiFine] Multipass connected textures: false
[13:42:33] [Client thread/INFO]: [OptiFine] BetterGrass: Parsing default configuration optifine/bettergrass.properties
[13:42:34] [Client thread/INFO]: Created: 1024x512 textures-atlas
[13:42:34] [Client thread/INFO]: [OptiFine] Animated sprites: 11
[13:42:35] [Client thread/INFO]: [OptiFine] *** Reloading custom textures ***
[13:42:35] [Client thread/INFO]: [OptiFine] Enable face culling: acacia_leaves, birch_leaves, dark_oak_leaves, jungle_leaves, oak_leaves, spruce_leaves
[13:42:47] [Server thread/INFO]: Starting integrated minecraft server version 1.9
[13:42:47] [Server thread/INFO]: Generating keypair
[13:42:48] [Server thread/INFO]: Preparing start region for level 0
[13:42:48] [Server thread/INFO]: Changing view distance to 8, from 10
[13:42:51] [Server thread/INFO]: Player162[local:E:0a8e13f0] logged in with entity id 86 at (-352.4046757247201, 5.249187078744681, 144.18236574044954)
[13:42:51] [Server thread/INFO]: Player162 加入了游戏
[13:42:52] [Server thread/INFO]: Saving and pausing game...
[13:42:52] [Client thread/INFO]: [CHAT] 新的§eOptiFine§f版本现已可用：§e§nHD Ultra M5§r§f
[13:42:52] [Server thread/INFO]: Saving chunks for level '新的世界'/Overworld
[13:42:52] [Server thread/INFO]: Saving chunks for level '新的世界'/Nether
[13:42:52] [Server thread/INFO]: Saving chunks for level '新的世界'/The End
[13:43:02] [Server thread/INFO]: Saving and pausing game...
[13:43:02] [Server thread/INFO]: Saving chunks for level '新的世界'/Overworld
[13:43:02] [Server thread/INFO]: Saving chunks for level '新的世界'/Nether
[13:43:02] [Server thread/INFO]: Saving chunks for level '新的世界'/The End
[13:43:13] [Server thread/INFO]: Saving and pausing game...
[13:43:14] [Server thread/INFO]: Saving chunks for level '新的世界'/Overworld
[13:43:14] [Server thread/INFO]: Saving chunks for level '新的世界'/Nether
[13:43:14] [Server thread/INFO]: Saving chunks for level '新的世界'/The End
[13:43:17] [Server thread/INFO]: Saving and pausing game...
[13:43:17] [Server thread/INFO]: Saving chunks for level '新的世界'/Overworld
[13:43:17] [Server thread/INFO]: Saving chunks for level '新的世界'/Nether
[13:43:17] [Server thread/INFO]: Saving chunks for level '新的世界'/The End
[13:43:41] [Server thread/INFO]: Player162 试图在岩浆里游泳
[13:43:41] [Client thread/INFO]: [CHAT] Player162 试图在岩浆里游泳
[13:43:47] [Server thread/INFO]: Saving and pausing game...
[13:43:47] [Server thread/INFO]: Saving chunks for level '新的世界'/Overworld
[13:43:47] [Server thread/INFO]: Saving chunks for level '新的世界'/Nether
[13:43:47] [Server thread/INFO]: Saving chunks for level '新的世界'/The End
[13:43:53] [Server thread/INFO]: Saving and pausing game...
[13:43:53] [Server thread/INFO]: Saving chunks for level '新的世界'/Overworld
[13:43:53] [Server thread/INFO]: Saving chunks for level '新的世界'/Nether
[13:43:53] [Server thread/INFO]: Saving chunks for level '新的世界'/The End
[13:44:00] [Server thread/INFO]: Saving and pausing game...
[13:44:00] [Server thread/INFO]: Saving chunks for level '新的世界'/Overworld
[13:44:00] [Server thread/INFO]: Saving chunks for level '新的世界'/Nether
[13:44:00] [Server thread/INFO]: Saving chunks for level '新的世界'/The End
[13:44:09] [Server thread/INFO]: Saving and pausing game...
[13:44:09] [Server thread/INFO]: Saving chunks for level '新的世界'/Overworld
[13:44:09] [Server thread/INFO]: Saving chunks for level '新的世界'/Nether
[13:44:09] [Server thread/INFO]: Saving chunks for level '新的世界'/The End
[13:44:19] [Server thread/INFO]: Player162 刚刚获得了 [打开物品栏] 成就！
[13:44:19] [Client thread/INFO]: [CHAT] Player162 刚刚获得了 [打开物品栏] 成就！
[13:44:43] [Server thread/INFO]: [Player162: 方块已放置]
[13:44:43] [Client thread/INFO]: [CHAT] 方块已放置
[13:44:52] [Server thread/INFO]: [Player162: 方块已放置]
[13:44:53] [Client thread/INFO]: [CHAT] 方块已放置
[13:44:55] [Server thread/INFO]: [Player162: 方块已放置]
[13:44:55] [Client thread/INFO]: [CHAT] 方块已放置
[13:44:57] [Server thread/INFO]: [Player162: 方块已放置]
[13:44:57] [Client thread/INFO]: [CHAT] 方块已放置
[13:44:58] [Server thread/INFO]: [Player162: 方块已放置]
[13:44:58] [Client thread/INFO]: [CHAT] 方块已放置
[13:45:01] [Server thread/INFO]: [Player162: 方块已放置]
[13:45:01] [Client thread/INFO]: [CHAT] 方块已放置
[13:45:01] [Client thread/INFO]: [CHAT] 无法放置方块
[13:45:13] [Server thread/INFO]: [Player162: 方块已放置]
[13:45:13] [Client thread/INFO]: [CHAT] 方块已放置
[13:45:19] [Server thread/INFO]: [Player162: 方块已放置]
[13:45:19] [Client thread/INFO]: [CHAT] 方块已放置
[13:45:23] [Server thread/INFO]: [Player162: 方块已放置]
[13:45:23] [Client thread/INFO]: [CHAT] 方块已放置
[13:45:23] [Server thread/INFO]: [Player162: 方块已放置]
[13:45:23] [Client thread/INFO]: [CHAT] 方块已放置
[13:45:24] [Server thread/INFO]: [Player162: 方块已放置]
[13:45:24] [Client thread/INFO]: [CHAT] 方块已放置
[13:45:24] [Server thread/INFO]: [Player162: 方块已放置]
[13:45:24] [Client thread/INFO]: [CHAT] 方块已放置
[13:45:25] [Server thread/INFO]: [Player162: 方块已放置]
[13:45:25] [Client thread/INFO]: [CHAT] 方块已放置
[13:45:25] [Server thread/INFO]: [Player162: 方块已放置]
[13:45:25] [Client thread/INFO]: [CHAT] 方块已放置
[13:45:25] [Server thread/INFO]: [Player162: 方块已放置]
[13:45:25] [Client thread/INFO]: [CHAT] 方块已放置
[13:45:25] [Server thread/INFO]: [Player162: 方块已放置]
[13:45:25] [Client thread/INFO]: [CHAT] 方块已放置
[13:45:26] [Server thread/INFO]: [Player162: 方块已放置]
[13:45:26] [Client thread/INFO]: [CHAT] 方块已放置
[13:45:26] [Server thread/INFO]: [Player162: 方块已放置]
[13:45:26] [Client thread/INFO]: [CHAT] 方块已放置
[13:45:26] [Server thread/INFO]: [Player162: 方块已放置]
[13:45:26] [Client thread/INFO]: [CHAT] 方块已放置
[13:45:33] [Client thread/INFO]: Stopping!
[13:45:33] [Client thread/INFO]: SoundSystem shutting down...
[13:45:33] [Server thread/INFO]: Stopping server
[13:45:33] [Server thread/INFO]: Saving players
[13:45:33] [Server thread/INFO]: Saving worlds
[13:45:33] [Server thread/INFO]: Saving chunks for level '新的世界'/Overworld
[13:45:33] [Server thread/INFO]: Saving chunks for level '新的世界'/Nether
[13:45:33] [Server thread/INFO]: Saving chunks for level '新的世界'/The End
[13:45:33] [Client thread/WARN]: Author: Paul Lamb, www.paulscode.com
